* installing *source* package ‘avar’ ...
** package ‘avar’ successfully unpacked and MD5 sums checked
** using staged installation
** libs
g++ -std=gnu++14 -I"/usr/share/R/include" -DNDEBUG  -I'/home/lionel/github_repo/simts/revdep/library/simts/old/Rcpp/include' -I'/home/lionel/github_repo/simts/revdep/library/simts/old/RcppArmadillo/include'    -fpic  -g -O2 -fdebug-prefix-map=/build/r-base-i2PIHO/r-base-4.1.2=. -fstack-protector-strong -Wformat -Werror=format-security -Wdate-time -D_FORTIFY_SOURCE=2 -g  -c RcppExports.cpp -o RcppExports.o
g++ -std=gnu++14 -I"/usr/share/R/include" -DNDEBUG  -I'/home/lionel/github_repo/simts/revdep/library/simts/old/Rcpp/include' -I'/home/lionel/github_repo/simts/revdep/library/simts/old/RcppArmadillo/include'    -fpic  -g -O2 -fdebug-prefix-map=/build/r-base-i2PIHO/r-base-4.1.2=. -fstack-protector-strong -Wformat -Werror=format-security -Wdate-time -D_FORTIFY_SOURCE=2 -g  -c allan_variance.cpp -o allan_variance.o
g++ -std=gnu++14 -shared -L/usr/lib/R/lib -Wl,-Bsymbolic-functions -Wl,-z,relro -o avar.so RcppExports.o allan_variance.o -L/usr/lib/R/lib -lR
installing to /home/lionel/github_repo/simts/revdep/checks/avar/old/avar.Rcheck/00LOCK-avar/00new/avar/libs
** R
** data
*** moving datasets to lazyload DB
** inst
** byte-compile and prepare package for lazy loading
** help
*** installing help indices
*** copying figures
** building package indices
** installing vignettes
** testing if installed package can be loaded from temporary location
** checking absolute paths in shared objects and dynamic libraries
** testing if installed package can be loaded from final location
** testing if installed package keeps a record of temporary installation path
* DONE (avar)
